<?xml version="1.0" encoding="UTF-8"?>
<testsuite name="org.example.Maintest" tests="1" skipped="0" failures="0" errors="0" timestamp="2022-09-29T06:47:56" hostname="DESKTOP-JULVLNK" time="0.029">
  <properties/>
  <testcase name="Testing get current level" classname="org.example.Maintest" time="0.029"/>
  <system-out><![CDATA[]]></system-out>
  <system-err><![CDATA[]]></system-err>
</testsuite>
